<?xml version="1.0" encoding="UTF-8"?>
<testng-results ignored="0" total="1" passed="1" failed="0" skipped="0">
  <reporter-output>
  </reporter-output>
  <suite started-at="2022-07-03T19:49:28 IST" name="Default suite" finished-at="2022-07-03T19:49:57 IST" duration-ms="29284">
    <groups>
      <group name="smoke">
        <method signature="Testengine3.main()[pri:0, instance:issue_check.Testengine3@39529185]" name="main" class="issue_check.Testengine3"/>
      </group> <!-- smoke -->
    </groups>
    <test started-at="2022-07-03T19:49:28 IST" name="Default test" finished-at="2022-07-03T19:49:57 IST" duration-ms="29284">
      <class name="issue_check.Testengine3">
        <test-method signature="main()[pri:0, instance:issue_check.Testengine3@39529185]" started-at="2022-07-03T19:49:28 IST" name="main" finished-at="2022-07-03T19:49:57 IST" duration-ms="29066" status="PASS">
          <reporter-output>
          </reporter-output>
        </test-method> <!-- main -->
      </class> <!-- issue_check.Testengine3 -->
    </test> <!-- Default test -->
  </suite> <!-- Default suite -->
</testng-results>
